[debug] [2026-02-15T19:09:46.626Z] ----------------------------------------------------------------------
[debug] [2026-02-15T19:09:46.629Z] Command:       C:\Program Files\nodejs\node.exe C:\Users\Felipe\AppData\Roaming\npm\node_modules\firebase-tools\lib\bin\firebase.js auth:export /dev/null --format json
[debug] [2026-02-15T19:09:46.629Z] CLI Version:   15.5.1
[debug] [2026-02-15T19:09:46.630Z] Platform:      win32
[debug] [2026-02-15T19:09:46.630Z] Node Version:  v25.0.0
[debug] [2026-02-15T19:09:46.630Z] Time:          Sun Feb 15 2026 13:09:46 GMT-0600 (Central Standard Time)
[debug] [2026-02-15T19:09:46.630Z] ----------------------------------------------------------------------
[debug] 
[debug] [2026-02-15T19:09:46.906Z] Object "/functions" in "firebase.json" has unknown property: {"additionalProperty":"timeoutSeconds"}
[debug] [2026-02-15T19:09:46.906Z] Object "/functions" in "firebase.json" is missing required property: {"missingProperty":"remoteSource"}
[debug] [2026-02-15T19:09:46.907Z] Field "/functions" in "firebase.json" is possibly invalid: must be array
[debug] [2026-02-15T19:09:46.907Z] Field "/functions" in "firebase.json" is possibly invalid: must match a schema in anyOf
[debug] [2026-02-15T19:09:46.914Z] > command requires scopes: ["email","openid","https://www.googleapis.com/auth/cloudplatformprojects.readonly","https://www.googleapis.com/auth/firebase","https://www.googleapis.com/auth/cloud-platform"]
[debug] [2026-02-15T19:09:46.914Z] > authorizing via signed-in user (givebackjojo.chegallegos@gmail.com)
[debug] [2026-02-15T19:09:46.914Z] [iam] checking project bg-jojo for permissions ["firebase.projects.get","firebaseauth.users.get"]
[debug] [2026-02-15T19:09:46.916Z] Checked if tokens are valid: true, expires at: 1771185628616
[debug] [2026-02-15T19:09:46.916Z] Checked if tokens are valid: true, expires at: 1771185628616
[debug] [2026-02-15T19:09:46.917Z] >>> [apiv2][query] POST https://cloudresourcemanager.googleapis.com/v1/projects/bg-jojo:testIamPermissions [none]
[debug] [2026-02-15T19:09:46.917Z] >>> [apiv2][(partial)header] POST https://cloudresourcemanager.googleapis.com/v1/projects/bg-jojo:testIamPermissions  x-goog-user-project=bg-jojo
[debug] [2026-02-15T19:09:46.917Z] >>> [apiv2][body] POST https://cloudresourcemanager.googleapis.com/v1/projects/bg-jojo:testIamPermissions {"permissions":["firebase.projects.get","firebaseauth.users.get"]}
[debug] [2026-02-15T19:09:47.087Z] <<< [apiv2][status] POST https://cloudresourcemanager.googleapis.com/v1/projects/bg-jojo:testIamPermissions 200
[debug] [2026-02-15T19:09:47.088Z] <<< [apiv2][body] POST https://cloudresourcemanager.googleapis.com/v1/projects/bg-jojo:testIamPermissions {"permissions":["firebase.projects.get","firebaseauth.users.get"]}
[info] Exporting accounts to /dev/null
[debug] [2026-02-15T19:09:47.089Z] Checked if tokens are valid: true, expires at: 1771185628616
[debug] [2026-02-15T19:09:47.089Z] Checked if tokens are valid: true, expires at: 1771185628616
[debug] [2026-02-15T19:09:47.089Z] >>> [apiv2][query] POST https://www.googleapis.com/identitytoolkit/v3/relyingparty/downloadAccount [none]
[debug] [2026-02-15T19:09:47.089Z] >>> [apiv2][body] POST https://www.googleapis.com/identitytoolkit/v3/relyingparty/downloadAccount {"targetProjectId":"bg-jojo","maxResults":1000}
[debug] [2026-02-15T19:09:47.094Z] Error: ENOENT: no such file or directory, open 'C:\dev\null'
[error] 
[error] Error: An unexpected error has occurred.
[debug] [2026-02-15T19:09:47.224Z] <<< [apiv2][status] POST https://www.googleapis.com/identitytoolkit/v3/relyingparty/downloadAccount 200
[debug] [2026-02-15T19:09:47.225Z] <<< [apiv2][body] POST https://www.googleapis.com/identitytoolkit/v3/relyingparty/downloadAccount [omitted]
[info] +  Exported 12 account(s) successfully. 
