[debug] [2026-02-17T00:24:48.212Z] ----------------------------------------------------------------------
[debug] [2026-02-17T00:24:48.418Z] Command:       C:\Program Files\nodejs\node.exe C:\Users\Felipe\AppData\Roaming\npm\node_modules\firebase-tools\lib\bin\firebase.js deploy --only storage
[debug] [2026-02-17T00:24:48.425Z] CLI Version:   15.5.1
[debug] [2026-02-17T00:24:48.425Z] Platform:      win32
[debug] [2026-02-17T00:24:48.426Z] Node Version:  v25.0.0
[debug] [2026-02-17T00:24:48.426Z] Time:          Mon Feb 16 2026 18:24:48 GMT-0600 (Central Standard Time)
[debug] [2026-02-17T00:24:48.426Z] ----------------------------------------------------------------------
[debug] 
[debug] [2026-02-17T00:25:07.804Z] Object "/functions" in "firebase.json" has unknown property: {"additionalProperty":"timeoutSeconds"}
[debug] [2026-02-17T00:25:07.805Z] Object "/functions" in "firebase.json" is missing required property: {"missingProperty":"remoteSource"}
[debug] [2026-02-17T00:25:07.807Z] Field "/functions" in "firebase.json" is possibly invalid: must be array
[debug] [2026-02-17T00:25:07.807Z] Field "/functions" in "firebase.json" is possibly invalid: must match a schema in anyOf
[debug] [2026-02-17T00:25:07.865Z] > command requires scopes: ["email","openid","https://www.googleapis.com/auth/cloudplatformprojects.readonly","https://www.googleapis.com/auth/firebase","https://www.googleapis.com/auth/cloud-platform"]
[debug] [2026-02-17T00:25:07.869Z] > authorizing via signed-in user (givebackjojo.chegallegos@gmail.com)
[debug] [2026-02-17T00:25:07.870Z] [iam] checking project bg-jojo for permissions ["firebase.projects.get","firebaserules.releases.create","firebaserules.releases.update","firebaserules.rulesets.create"]
[debug] [2026-02-17T00:25:07.883Z] Checked if tokens are valid: true, expires at: 1771289620822
[debug] [2026-02-17T00:25:07.885Z] Checked if tokens are valid: true, expires at: 1771289620822
[debug] [2026-02-17T00:25:07.888Z] >>> [apiv2][query] POST https://cloudresourcemanager.googleapis.com/v1/projects/bg-jojo:testIamPermissions [none]
[debug] [2026-02-17T00:25:07.889Z] >>> [apiv2][(partial)header] POST https://cloudresourcemanager.googleapis.com/v1/projects/bg-jojo:testIamPermissions  x-goog-user-project=bg-jojo
[debug] [2026-02-17T00:25:07.890Z] >>> [apiv2][body] POST https://cloudresourcemanager.googleapis.com/v1/projects/bg-jojo:testIamPermissions {"permissions":["firebase.projects.get","firebaserules.releases.create","firebaserules.releases.update","firebaserules.rulesets.create"]}
[debug] [2026-02-17T00:25:08.905Z] <<< [apiv2][status] POST https://cloudresourcemanager.googleapis.com/v1/projects/bg-jojo:testIamPermissions 200
[debug] [2026-02-17T00:25:08.906Z] <<< [apiv2][body] POST https://cloudresourcemanager.googleapis.com/v1/projects/bg-jojo:testIamPermissions {"permissions":["firebase.projects.get","firebaserules.releases.create","firebaserules.releases.update","firebaserules.rulesets.create"]}
[info] 
[info] === Deploying to 'bg-jojo'...
[info] 
[info] i  deploying storage 
[info] i  storage: ensuring required API firebasestorage.googleapis.com is enabled... 
[debug] [2026-02-17T00:25:08.928Z] Checked if tokens are valid: true, expires at: 1771289620822
[debug] [2026-02-17T00:25:08.929Z] Checked if tokens are valid: true, expires at: 1771289620822
[debug] [2026-02-17T00:25:08.930Z] >>> [apiv2][query] GET https://firebasestorage.googleapis.com/v1alpha/projects/bg-jojo/defaultBucket [none]
[debug] [2026-02-17T00:25:09.126Z] <<< [apiv2][status] GET https://firebasestorage.googleapis.com/v1alpha/projects/bg-jojo/defaultBucket 200
[debug] [2026-02-17T00:25:09.128Z] <<< [apiv2][body] GET https://firebasestorage.googleapis.com/v1alpha/projects/bg-jojo/defaultBucket {"name":"projects/bg-jojo/defaultBucket","location":"US-CENTRAL1","bucket":{"name":"projects/bg-jojo/buckets/bg-jojo.firebasestorage.app"},"storageClass":"REGIONAL"}
[info] i  firebase.storage: checking storage.rules for compilation errors... 
[debug] [2026-02-17T00:25:09.142Z] Checked if tokens are valid: true, expires at: 1771289620822
[debug] [2026-02-17T00:25:09.143Z] Checked if tokens are valid: true, expires at: 1771289620822
[debug] [2026-02-17T00:25:09.144Z] >>> [apiv2][query] POST https://firebaserules.googleapis.com/v1/projects/bg-jojo:test [none]
[debug] [2026-02-17T00:25:09.144Z] >>> [apiv2][body] POST https://firebaserules.googleapis.com/v1/projects/bg-jojo:test [omitted]
[debug] [2026-02-17T00:25:09.360Z] <<< [apiv2][status] POST https://firebaserules.googleapis.com/v1/projects/bg-jojo:test 200
[debug] [2026-02-17T00:25:09.360Z] <<< [apiv2][body] POST https://firebaserules.googleapis.com/v1/projects/bg-jojo:test {}
[info] +  firebase.storage: rules file storage.rules compiled successfully 
[debug] [2026-02-17T00:25:09.367Z] Checked if tokens are valid: true, expires at: 1771289620822
[debug] [2026-02-17T00:25:09.369Z] Checked if tokens are valid: true, expires at: 1771289620822
[debug] [2026-02-17T00:25:09.377Z] >>> [apiv2][query] GET https://firebaserules.googleapis.com/v1/projects/bg-jojo/releases pageSize=10&pageToken=
[debug] [2026-02-17T00:25:09.487Z] <<< [apiv2][status] GET https://firebaserules.googleapis.com/v1/projects/bg-jojo/releases 200
[debug] [2026-02-17T00:25:09.487Z] <<< [apiv2][body] GET https://firebaserules.googleapis.com/v1/projects/bg-jojo/releases {"releases":[{"name":"projects/bg-jojo/releases/cloud.firestore","rulesetName":"projects/bg-jojo/rulesets/14354f07-d1b2-4c9c-934b-8fd815b33856","createTime":"2025-02-02T17:24:27.119633Z","updateTime":"2026-02-16T23:55:12.864731Z"},{"name":"projects/bg-jojo/releases/firebase.storage/bg-jojo.firebasestorage.app","rulesetName":"projects/bg-jojo/rulesets/08bdf242-4e5c-4a53-b11e-c6efabcf985c","createTime":"2026-02-17T00:23:13.219668Z","updateTime":"2026-02-17T00:23:13.219668Z"}]}
[debug] [2026-02-17T00:25:09.686Z] Checked if tokens are valid: true, expires at: 1771289620822
[debug] [2026-02-17T00:25:09.686Z] Checked if tokens are valid: true, expires at: 1771289620822
[debug] [2026-02-17T00:25:09.687Z] >>> [apiv2][query] GET https://firebaserules.googleapis.com/v1/projects/bg-jojo/rulesets/08bdf242-4e5c-4a53-b11e-c6efabcf985c [none]
[debug] [2026-02-17T00:25:09.774Z] <<< [apiv2][status] GET https://firebaserules.googleapis.com/v1/projects/bg-jojo/rulesets/08bdf242-4e5c-4a53-b11e-c6efabcf985c 200
[debug] [2026-02-17T00:25:09.775Z] <<< [apiv2][body] GET https://firebaserules.googleapis.com/v1/projects/bg-jojo/rulesets/08bdf242-4e5c-4a53-b11e-c6efabcf985c [omitted]
[info] i  storage: uploading rules storage.rules... 
[debug] [2026-02-17T00:25:09.780Z] Checked if tokens are valid: true, expires at: 1771289620822
[debug] [2026-02-17T00:25:09.780Z] Checked if tokens are valid: true, expires at: 1771289620822
[debug] [2026-02-17T00:25:09.781Z] >>> [apiv2][query] POST https://firebaserules.googleapis.com/v1/projects/bg-jojo/rulesets [none]
[debug] [2026-02-17T00:25:09.781Z] >>> [apiv2][body] POST https://firebaserules.googleapis.com/v1/projects/bg-jojo/rulesets [omitted]
[debug] [2026-02-17T00:25:09.959Z] <<< [apiv2][status] POST https://firebaserules.googleapis.com/v1/projects/bg-jojo/rulesets 200
[debug] [2026-02-17T00:25:09.961Z] <<< [apiv2][body] POST https://firebaserules.googleapis.com/v1/projects/bg-jojo/rulesets {"name":"projects/bg-jojo/rulesets/ad85a0ce-1d5a-4f00-b71a-5c968ff9ed5e","source":{"files":[{"content":"rules_version = '2';\r\nservice firebase.storage {\r\n  match /b/{bucket}/o {\r\n    // Public read for article/product images\r\n    match /articles/{allPaths=**} {\r\n      allow read: if true;\r\n      allow write: if request.auth != null\r\n        && request.resource.contentType.matches('image/.*')\r\n        && request.resource.size < 10 * 1024 * 1024;\r\n    }\r\n\r\n    // Users can only access their own files\r\n    match /users/{userId}/{allPaths=**} {\r\n      allow read: if true;\r\n      allow write: if request.auth != null && request.auth.uid == userId;\r\n    }\r\n\r\n    // Deny everything else\r\n    match /{allPaths=**} {\r\n      allow read, write: if false;\r\n    }\r\n  }\r\n}\r\n","name":"storage.rules"}]},"createTime":"2026-02-17T00:25:09.288623Z","metadata":{"services":["firebase.storage"]}}
[debug] [2026-02-17T00:25:09.962Z] [rules] created ruleset projects/bg-jojo/rulesets/ad85a0ce-1d5a-4f00-b71a-5c968ff9ed5e
[debug] [2026-02-17T00:25:09.963Z] [rules] releasing firebase.storage/bg-jojo.firebasestorage.app with ruleset projects/bg-jojo/rulesets/ad85a0ce-1d5a-4f00-b71a-5c968ff9ed5e
[debug] [2026-02-17T00:25:09.964Z] Checked if tokens are valid: true, expires at: 1771289620822
[debug] [2026-02-17T00:25:09.964Z] Checked if tokens are valid: true, expires at: 1771289620822
[debug] [2026-02-17T00:25:09.964Z] >>> [apiv2][query] PATCH https://firebaserules.googleapis.com/v1/projects/bg-jojo/releases/firebase.storage/bg-jojo.firebasestorage.app [none]
[debug] [2026-02-17T00:25:09.965Z] >>> [apiv2][body] PATCH https://firebaserules.googleapis.com/v1/projects/bg-jojo/releases/firebase.storage/bg-jojo.firebasestorage.app {"release":{"name":"projects/bg-jojo/releases/firebase.storage/bg-jojo.firebasestorage.app","rulesetName":"projects/bg-jojo/rulesets/ad85a0ce-1d5a-4f00-b71a-5c968ff9ed5e"}}
[debug] [2026-02-17T00:25:10.102Z] <<< [apiv2][status] PATCH https://firebaserules.googleapis.com/v1/projects/bg-jojo/releases/firebase.storage/bg-jojo.firebasestorage.app 200
[debug] [2026-02-17T00:25:10.103Z] <<< [apiv2][body] PATCH https://firebaserules.googleapis.com/v1/projects/bg-jojo/releases/firebase.storage/bg-jojo.firebasestorage.app {"name":"projects/bg-jojo/releases/firebase.storage/bg-jojo.firebasestorage.app","rulesetName":"projects/bg-jojo/rulesets/ad85a0ce-1d5a-4f00-b71a-5c968ff9ed5e","createTime":"2026-02-17T00:23:13.219668Z","updateTime":"2026-02-17T00:25:09.441739Z"}
[debug] [2026-02-17T00:25:10.103Z] [rules] updated release projects/bg-jojo/releases/firebase.storage/bg-jojo.firebasestorage.app
[info] +  storage: released rules storage.rules to firebase.storage 
[info] 
[info] +  Deploy complete! 
[info] 
[info] Project Console: https://console.firebase.google.com/project/bg-jojo/overview
[debug] [2026-02-17T00:25:15.290Z] Error: Timed out.
    at Timeout._onTimeout (C:\Users\Felipe\AppData\Roaming\npm\node_modules\firebase-tools\lib\utils.js:308:49)
    at listOnTimeout (node:internal/timers:605:17)
    at process.processTimers (node:internal/timers:541:7)
[error] 
[error] Error: An unexpected error has occurred.
